2024-05-20 14:19:42,454 INFO o.a.j.u.JMeterUtils: Setting Locale to en
2024-05-20 14:19:44,341 INFO o.a.j.JMeter: Loading user properties from: /home/ihsan/progjar/progjar/progjar5/apache-jmeter-5.5/bin/user.properties
2024-05-20 14:19:45,037 INFO o.a.j.JMeter: Loading system properties from: /home/ihsan/progjar/progjar/progjar5/apache-jmeter-5.5/bin/system.properties
2024-05-20 14:19:45,483 INFO o.a.j.JMeter: Copyright (c) 1998-2022 The Apache Software Foundation
2024-05-20 14:19:45,483 INFO o.a.j.JMeter: Version 5.5
2024-05-20 14:19:45,483 INFO o.a.j.JMeter: java.version=11.0.22
2024-05-20 14:19:45,483 INFO o.a.j.JMeter: java.vm.name=OpenJDK 64-Bit Server VM
2024-05-20 14:19:45,483 INFO o.a.j.JMeter: os.name=Linux
2024-05-20 14:19:45,484 INFO o.a.j.JMeter: os.arch=amd64
2024-05-20 14:19:45,484 INFO o.a.j.JMeter: os.version=5.15.146.1-microsoft-standard-WSL2
2024-05-20 14:19:45,484 INFO o.a.j.JMeter: file.encoding=UTF-8
2024-05-20 14:19:45,484 INFO o.a.j.JMeter: java.awt.headless=true
2024-05-20 14:19:45,484 INFO o.a.j.JMeter: Max memory     =1006632960
2024-05-20 14:19:45,484 INFO o.a.j.JMeter: Available Processors =8
2024-05-20 14:19:46,263 INFO o.a.j.JMeter: Default Locale=English
2024-05-20 14:19:46,264 INFO o.a.j.JMeter: JMeter  Locale=English
2024-05-20 14:19:46,264 INFO o.a.j.JMeter: JMeterHome=/home/ihsan/progjar/progjar/progjar5/apache-jmeter-5.5
2024-05-20 14:19:46,264 INFO o.a.j.JMeter: user.dir  =/home/ihsan/progjar/progjar/progjar5
2024-05-20 14:19:46,264 INFO o.a.j.JMeter: PWD       =/home/ihsan/progjar/progjar/progjar5
2024-05-20 14:19:46,265 INFO o.a.j.JMeter: IP: 127.0.1.1 Name: DESKTOP-K0VSP3S FullName: DESKTOP-K0VSP3S.
2024-05-20 14:19:47,634 INFO o.a.j.s.FileServer: Default base='/home/ihsan/progjar/progjar/progjar5'
2024-05-20 14:19:47,636 INFO o.a.j.s.FileServer: Set new base='/home/ihsan/progjar/progjar/progjar5'
2024-05-20 14:20:09,563 INFO o.a.j.s.SaveService: Testplan (JMX) version: 2.2. Testlog (JTL) version: 2.2
2024-05-20 14:20:15,175 INFO o.a.j.s.SaveService: Using SaveService properties version 5.0
2024-05-20 14:20:15,820 INFO o.a.j.s.SaveService: Using SaveService properties file encoding UTF-8
2024-05-20 14:20:16,522 INFO o.a.j.s.SaveService: Loading file: Variance10_Process.jmx
2024-05-20 14:20:23,919 INFO o.a.j.p.h.s.HTTPSamplerBase: Parser for text/html is org.apache.jmeter.protocol.http.parser.LagartoBasedHtmlParser
2024-05-20 14:20:23,920 INFO o.a.j.p.h.s.HTTPSamplerBase: Parser for application/xhtml+xml is org.apache.jmeter.protocol.http.parser.LagartoBasedHtmlParser
2024-05-20 14:20:23,920 INFO o.a.j.p.h.s.HTTPSamplerBase: Parser for application/xml is org.apache.jmeter.protocol.http.parser.LagartoBasedHtmlParser
2024-05-20 14:20:23,920 INFO o.a.j.p.h.s.HTTPSamplerBase: Parser for text/xml is org.apache.jmeter.protocol.http.parser.LagartoBasedHtmlParser
2024-05-20 14:20:23,920 INFO o.a.j.p.h.s.HTTPSamplerBase: Parser for text/vnd.wap.wml is org.apache.jmeter.protocol.http.parser.RegexpHTMLParser
2024-05-20 14:20:23,921 INFO o.a.j.p.h.s.HTTPSamplerBase: Parser for text/css is org.apache.jmeter.protocol.http.parser.CssParser
2024-05-20 14:20:26,586 INFO o.a.j.JMeter: Creating summariser <summary>
2024-05-20 14:20:29,686 INFO o.a.j.e.StandardJMeterEngine: Running the test!
2024-05-20 14:20:29,697 INFO o.a.j.s.SampleEvent: List of sample_variables: []
2024-05-20 14:20:29,762 INFO o.a.j.s.SampleEvent: List of sample_variables: []
2024-05-20 14:20:29,978 INFO o.a.j.e.u.CompoundVariable: Note: Function class names must contain the string: '.functions.'
2024-05-20 14:20:29,978 INFO o.a.j.e.u.CompoundVariable: Note: Function class names must not contain the string: '.gui.'
2024-05-20 14:21:02,323 INFO o.a.j.JMeter: Running test (1716189662323)
2024-05-20 14:21:04,078 INFO o.a.j.e.StandardJMeterEngine: Starting ThreadGroup: 1 : Thread Group
2024-05-20 14:21:04,079 INFO o.a.j.e.StandardJMeterEngine: Starting 10 threads for group Thread Group.
2024-05-20 14:21:04,079 INFO o.a.j.e.StandardJMeterEngine: Thread will continue on error
2024-05-20 14:21:04,079 INFO o.a.j.t.ThreadGroup: Starting thread group... number=1 threads=10 ramp-up=1 delayedStart=false
2024-05-20 14:21:05,586 INFO o.a.j.t.ThreadGroup: Started thread group number 1
2024-05-20 14:21:05,586 INFO o.a.j.e.StandardJMeterEngine: All thread groups have been started
2024-05-20 14:21:05,594 INFO o.a.j.t.JMeterThread: Thread started: Thread Group 1-2
2024-05-20 14:21:05,626 INFO o.a.j.t.JMeterThread: Thread started: Thread Group 1-3
2024-05-20 14:21:05,627 INFO o.a.j.t.JMeterThread: Thread started: Thread Group 1-4
2024-05-20 14:21:05,611 INFO o.a.j.t.JMeterThread: Thread started: Thread Group 1-5
2024-05-20 14:21:05,599 INFO o.a.j.t.JMeterThread: Thread started: Thread Group 1-7
2024-05-20 14:21:05,666 INFO o.a.j.t.JMeterThread: Thread started: Thread Group 1-8
2024-05-20 14:21:05,600 INFO o.a.j.t.JMeterThread: Thread started: Thread Group 1-6
2024-05-20 14:21:05,594 INFO o.a.j.t.JMeterThread: Thread started: Thread Group 1-1
2024-05-20 14:21:05,599 INFO o.a.j.t.JMeterThread: Thread started: Thread Group 1-9
2024-05-20 14:21:05,674 INFO o.a.j.t.JMeterThread: Thread started: Thread Group 1-10
2024-05-20 14:21:08,090 INFO o.a.j.p.h.s.HTTPHCAbstractImpl: Local host = DESKTOP-K0VSP3S
2024-05-20 14:21:08,103 INFO o.a.j.p.h.s.HTTPHC4Impl: HTTP request retry count = 0
2024-05-20 14:21:08,105 INFO o.a.j.s.SampleResult: Note: Sample TimeStamps are START times
2024-05-20 14:21:08,106 INFO o.a.j.s.SampleResult: sampleresult.default.encoding is set to ISO-8859-1
2024-05-20 14:21:08,106 INFO o.a.j.s.SampleResult: sampleresult.useNanoTime=true
2024-05-20 14:21:08,106 INFO o.a.j.s.SampleResult: sampleresult.nanoThreadSleep=5000
2024-05-20 14:25:56,455 INFO o.a.j.r.ResultCollector: Shutdown hook started
2024-05-20 14:25:56,457 INFO o.a.j.r.ResultCollector: Shutdown hook ended
